<?xml version="1.0" encoding="UTF-8"?>
<!-- Generated by org.testng.reporters.JUnitXMLReporter -->
<testsuite ignored="0" hostname="DESKTOP-38JQG8D" failures="0" tests="12" name="TutorialNinja Test" time="125.529" errors="0" timestamp="2024-06-12T20:20:54 IST">
  <testcase classname="com.TNG.TestCases.Register" name="VerifyRegisteringanAccountwithMandstoryFields" time="1.341"/>
  <testcase classname="com.TNG.TestCases.Register" name="VerifyRegisterAccountwithallFields" time="1.374"/>
  <testcase classname="com.TNG.TestCases.Register" name="VerifyRegisterAccountWithExistingEmailAddress" time="1.517"/>
  <testcase classname="com.TNG.TestCases.Register" name="VerifyRegisteringAccountWithoutfillingAnyDetails" time="0.645"/>
  <testcase classname="com.TNG.TestCases.Login" name="VerifyLoginFunctionality" time="0.971"/>
  <testcase classname="com.TNG.TestCases.Login" name="VerifyInvalidLoginFunctionality" time="0.915"/>
  <testcase classname="com.TNG.TestCases.Login" name="verifyInvalidEmailAddressandvalidpassword" time="0.873"/>
  <testcase classname="com.TNG.TestCases.Login" name="VerifyValidEmailIdandInvalidpassword" time="0.962"/>
  <testcase classname="com.TNG.TestCases.Login" name="VerifyLoginfunctionalitywithnullcrdentials" time="0.753"/>
  <testcase classname="com.TNG.TestCases.Search" name="VerifySearchFunctionalitywithExistingProduct" time="0.706"/>
  <testcase classname="com.TNG.TestCases.Search" name="VerifySearchFunctionalitywithInvalidProduct" time="0.653"/>
  <testcase classname="com.TNG.TestCases.Search" name="verifySearchFunctionalitywithoutAnyProduct" time="0.604"/>
</testsuite> <!-- TutorialNinja Test -->
