<?xml version="1.0" encoding="UTF-8"?>
<testng-results ignored="0" total="1" passed="1" failed="0" skipped="0">
  <reporter-output>
  </reporter-output>
  <suite started-at="2024-06-19T17:18:40 IST" name="Default suite" finished-at="2024-06-19T17:18:48 IST" duration-ms="7558">
    <groups>
    </groups>
    <test started-at="2024-06-19T17:18:40 IST" name="Default test" finished-at="2024-06-19T17:18:48 IST" duration-ms="7558">
      <class name="com.TNG.TestCases.VerifyTextOnHomePage$VerifyLearnMoreButton">
        <test-method is-config="true" signature="setup()[pri:0, instance:com.TNG.TestCases.VerifyTextOnHomePage$VerifyLearnMoreButton@351d00c0]" started-at="2024-06-19T17:18:40 IST" name="setup" finished-at="2024-06-19T17:18:47 IST" duration-ms="6480" status="PASS">
          <reporter-output>
          </reporter-output>
        </test-method> <!-- setup -->
        <test-method signature="VerifyLearnMoreButton()[pri:0, instance:com.TNG.TestCases.VerifyTextOnHomePage$VerifyLearnMoreButton@351d00c0]" started-at="2024-06-19T17:18:47 IST" name="VerifyLearnMoreButton" finished-at="2024-06-19T17:18:47 IST" duration-ms="218" status="PASS">
          <reporter-output>
          </reporter-output>
        </test-method> <!-- VerifyLearnMoreButton -->
        <test-method is-config="true" signature="teardown()[pri:0, instance:com.TNG.TestCases.VerifyTextOnHomePage$VerifyLearnMoreButton@351d00c0]" started-at="2024-06-19T17:18:47 IST" name="teardown" finished-at="2024-06-19T17:18:48 IST" duration-ms="743" status="PASS">
          <reporter-output>
          </reporter-output>
        </test-method> <!-- teardown -->
      </class> <!-- com.TNG.TestCases.VerifyTextOnHomePage$VerifyLearnMoreButton -->
    </test> <!-- Default test -->
  </suite> <!-- Default suite -->
</testng-results>
